<?xml version="1.0" encoding="UTF-8"?>
<testng-results skipped="0" failed="0" ignored="0" total="1" passed="1">
  <reporter-output>
  </reporter-output>
  <suite name="Surefire suite" duration-ms="31" started-at="2022-05-03T21:45:41 BST" finished-at="2022-05-03T21:45:41 BST">
    <groups>
    </groups>
    <test name="Surefire test" duration-ms="31" started-at="2022-05-03T21:45:41 BST" finished-at="2022-05-03T21:45:41 BST">
      <class name="com.parasoft.parabank.AppTest">
        <test-method status="PASS" signature="shouldAnswerWithTrue()" name="shouldAnswerWithTrue" duration-ms="16" started-at="2022-05-03T21:45:41 BST" finished-at="2022-05-03T21:45:41 BST">
          <reporter-output>
          </reporter-output>
        </test-method> <!-- shouldAnswerWithTrue -->
      </class> <!-- com.parasoft.parabank.AppTest -->
    </test> <!-- Surefire test -->
  </suite> <!-- Surefire suite -->
</testng-results>
